[LOG] System::create                           : Header version = 2.02.11. Current version = 2.02.11.
[LOG] Manager::init                            : maxchannels = 256 studioflags = 00000006 flags 00000000 extradriverdata 0000000000000000.
[LOG] SystemI::init                            : Initialize version=20211 (130436), maxchannels=256, flags=0x00020000
[LOG] SystemI::setOutputInternal               : Setting output to 'FMOD WASAPI Output'
[LOG] OutputWASAPI::init                       : Mix Format (WAVEFORMATEX): wFormatTag=0xFFFE, nChannels=2, nSamplesPerSec=48000, nAvgBytesPerSec=384000, nBlockAlign=8, wBitsPerSample=32, cbSize=22.
[LOG] OutputWASAPI::init                       : Mix Format (WAVEFORMATEXTENSIBLE): wValidBitsPerSample=32, dwChannelMask=0x00000003, SubFormat=00000003-0000-0010-8000-00AA00389B71.
[LOG] OutputWASAPI::init                       : Output buffer size: 4096 samples, latency: 0.00ms, period: 10.00ms, DSP buffer: 1024 * 4
[LOG] Thread::initThread                       : Init FMOD stream thread. Affinity: 0x4000000000000003, Priority: 0xFFFF7FFB, Stack Size: 98304, Semaphore: No, Sleep Time: 10, Looping: Yes.
[LOG] Thread::initThread                       : Init FMOD mixer thread. Affinity: 0x4000000000000001, Priority: 0xFFFF7FFA, Stack Size: 81920, Semaphore: No, Sleep Time: 0, Looping: Yes.
[LOG] AsyncManager::init                       : manager 00000240A9D69588 isAsync 0 updatePeriod 0.02
[LOG] AsyncManager::init                       : done
[LOG] PlaybackSystem::init                     : 
[LOG] Thread::initThread                       : Init FMOD Studio sample load thread. Affinity: 0x4000000000000003, Priority: 0xFFFF7FFD, Stack Size: 98304, Semaphore: No, Sleep Time: 1, Looping: No.
[LOG] PlaybackSystem::init                     : done
[LOG] Thread::initThread                       : Init FMOD Studio bank load thread. Affinity: 0x4000000000000003, Priority: 0xFFFF7FFD, Stack Size: 98304, Semaphore: No, Sleep Time: 1, Looping: No.
[LOG] Manager::init                            : done.
[LOG] Manager::readBank                        : fileversion = 142, compatVersion = 140 (oldest = 44, newest = 142)
[LOG] Manager::readBank                        : fileversion = 142, compatVersion = 140 (oldest = 44, newest = 142)
[LOG] Manager::readBank                        : fileversion = 142, compatVersion = 140 (oldest = 44, newest = 142)
[LOG] PlaybackSystem::acquireMasterBus         : Setting master channel group format to 6
[LOG] SystemI::createSoundInternal             : Create name='', mode=0x02000202
[LOG] SystemI::createSoundInternal             : exinfo->cbsize             = 224
[LOG] SystemI::createSoundInternal             : exinfo->length             = 9493120
[LOG] SystemI::createSoundInternal             : exinfo->fileoffset         = 32064
[LOG] SystemI::createSoundInternal             : exinfo->numsubsounds       = 1
[LOG] SystemI::createSoundInternal             : exinfo->inclusionlist      = 000000B10B81F448
[LOG] SystemI::createSoundInternal             : exinfo->inclusionlistnum   = 1
[LOG] SystemI::createSoundInternal             : exinfo->suggestedsoundtype = 5
[LOG] SystemI::createSoundInternal             : exinfo->useropen           = 00007FF9A67F3490
[LOG] SystemI::createSoundInternal             : exinfo->userclose          = 00007FF9A67F3450
[LOG] SystemI::createSoundInternal             : exinfo->userread           = 00007FF9A67F3570
[LOG] SystemI::createSoundInternal             : exinfo->userseek           = 00007FF9A67F3630
[LOG] SystemI::createSoundInternal             : exinfo->fileuserdata       = 0000023FD739EE18
[LOG] SystemI::createSoundInternal             : exinfo->initialseekpostype = 1
[LOG] SystemI::DSPCodecPoolRegister            : register codec pool for pool type 5
[LOG] SystemI::createSoundInternal             : Sample 0/1: name='Negative-SFX', format=5, channels=2, frequency=48000, lengthbytes=14304, lengthpcm=56133, pcmblocksize=0, loopstart=0, loopend=0, mode=0x00000000, channelmask=0x00000000, channelorder=0, peakvolume=0.415323.
[LOG] SystemI::createSoundInternal             : Create name='', mode=0x02000202
[LOG] SystemI::createSoundInternal             : exinfo->cbsize             = 224
[LOG] SystemI::createSoundInternal             : exinfo->length             = 9493120
[LOG] SystemI::createSoundInternal             : exinfo->fileoffset         = 32064
[LOG] SystemI::createSoundInternal             : exinfo->numsubsounds       = 1
[LOG] SystemI::createSoundInternal             : exinfo->inclusionlist      = 000000B10B81F448
[LOG] SystemI::createSoundInternal             : exinfo->inclusionlistnum   = 1
[LOG] SystemI::createSoundInternal             : exinfo->suggestedsoundtype = 5
[LOG] SystemI::createSoundInternal             : exinfo->useropen           = 00007FF9A67F3490
[LOG] SystemI::createSoundInternal             : exinfo->userclose          = 00007FF9A67F3450
[LOG] SystemI::createSoundInternal             : exinfo->userread           = 00007FF9A67F3570
[LOG] SystemI::createSoundInternal             : exinfo->userseek           = 00007FF9A67F3630
[LOG] SystemI::createSoundInternal             : exinfo->fileuserdata       = 0000023FD739B878
[LOG] SystemI::createSoundInternal             : exinfo->initialseekpostype = 1
[LOG] SystemI::DSPCodecPoolRegister            : register codec pool for pool type 5
[LOG] SystemI::createSoundInternal             : Sample 0/1: name='UI-Selected', format=5, channels=2, frequency=48000, lengthbytes=5472, lengthpcm=25650, pcmblocksize=0, loopstart=0, loopend=0, mode=0x00000000, channelmask=0x00000000, channelorder=0, peakvolume=0.418628.
[LOG] SystemI::createSoundInternal             : Create name='', mode=0x02000202
[LOG] SystemI::createSoundInternal             : exinfo->cbsize             = 224
[LOG] SystemI::createSoundInternal             : exinfo->length             = 9493120
[LOG] SystemI::createSoundInternal             : exinfo->fileoffset         = 32064
[LOG] SystemI::createSoundInternal             : exinfo->numsubsounds       = 1
[LOG] SystemI::createSoundInternal             : exinfo->inclusionlist      = 000000B10B81F448
[LOG] SystemI::createSoundInternal             : exinfo->inclusionlistnum   = 1
[LOG] SystemI::createSoundInternal             : exinfo->suggestedsoundtype = 5
[LOG] SystemI::createSoundInternal             : exinfo->useropen           = 00007FF9A67F3490
[LOG] SystemI::createSoundInternal             : exinfo->userclose          = 00007FF9A67F3450
[LOG] SystemI::createSoundInternal             : exinfo->userread           = 00007FF9A67F3570
[LOG] SystemI::createSoundInternal             : exinfo->userseek           = 00007FF9A67F3630
[LOG] SystemI::createSoundInternal             : exinfo->fileuserdata       = 0000023FD7399358
[LOG] SystemI::createSoundInternal             : exinfo->initialseekpostype = 1
[LOG] SystemI::DSPCodecPoolRegister            : register codec pool for pool type 5
[LOG] SystemI::createSoundInternal             : Sample 0/1: name='ObjectPurchased', format=5, channels=2, frequency=48000, lengthbytes=25280, lengthpcm=125743, pcmblocksize=0, loopstart=0, loopend=0, mode=0x00000000, channelmask=0x00000000, channelorder=0, peakvolume=0.443245.
[LOG] SystemI::createSoundInternal             : Create name='', mode=0x02000202
[LOG] SystemI::createSoundInternal             : exinfo->cbsize             = 224
[LOG] SystemI::createSoundInternal             : exinfo->length             = 9493120
[LOG] SystemI::createSoundInternal             : exinfo->fileoffset         = 32064
[LOG] SystemI::createSoundInternal             : exinfo->numsubsounds       = 1
[LOG] SystemI::createSoundInternal             : exinfo->inclusionlist      = 000000B10B81F448
[LOG] SystemI::createSoundInternal             : exinfo->inclusionlistnum   = 1
[LOG] SystemI::createSoundInternal             : exinfo->suggestedsoundtype = 5
[LOG] SystemI::createSoundInternal             : exinfo->useropen           = 00007FF9A67F3490
[LOG] SystemI::createSoundInternal             : exinfo->userclose          = 00007FF9A67F3450
[LOG] SystemI::createSoundInternal             : exinfo->userread           = 00007FF9A67F3570
[LOG] SystemI::createSoundInternal             : exinfo->userseek           = 00007FF9A67F3630
[LOG] SystemI::createSoundInternal             : exinfo->fileuserdata       = 0000023FD739D768
[LOG] SystemI::createSoundInternal             : exinfo->initialseekpostype = 1
[LOG] SystemI::DSPCodecPoolRegister            : register codec pool for pool type 5
[LOG] SystemI::createSoundInternal             : Sample 0/1: name='InfrastructureBuilding1', format=5, channels=2, frequency=48000, lengthbytes=14528, lengthpcm=79422, pcmblocksize=0, loopstart=0, loopend=0, mode=0x00000000, channelmask=0x00000000, channelorder=0, peakvolume=0.407701.
[LOG] SystemI::createSound                     : filename = FmodBanks/Master.bank : mode 02010082
[LOG] SystemI::createSound                     : FMOD_NONBLOCKING specified.  Putting into queue to be opened asynchronously!
[LOG] AsyncThread::add                         : add sound to async queue : soundi = 00000240A4270DD8, queue head = 00000240A3BF2A48, queue count = 0
[LOG] AsyncThread::threadFunc                  : Starting Asynchronous operation on sound 00000240A4270DD8
[LOG] SystemI::createSoundInternal             :     Create name='FmodBanks/Master.bank', mode=0x02010082
[LOG] SystemI::createSoundInternal             :     exinfo->cbsize             = 224
[LOG] SystemI::createSoundInternal             :     exinfo->length             = 9493120
[LOG] SystemI::createSoundInternal             :     exinfo->fileoffset         = 32064
[LOG] SystemI::createSoundInternal             :     exinfo->numsubsounds       = 1
[LOG] SystemI::createSoundInternal             :     exinfo->inclusionlist      = 00000240A0084E60
[LOG] SystemI::createSoundInternal             :     exinfo->inclusionlistnum   = 1
[LOG] SystemI::createSoundInternal             :     exinfo->suggestedsoundtype = 5
[LOG] SystemI::createSoundInternal             :     exinfo->initialseekpostype = 1
[LOG] SystemI::createSoundInternal             :     Stream 0/1: name='InfrastructureBuilding2', format=5, channels=2, frequency=48000, lengthbytes=167264, lengthpcm=493332, pcmblocksize=0, loopstart=0, loopend=0, mode=0x00000000, channelmask=0x00000000, channelorder=0, peakvolume=0.601766.
[LOG] AsyncThread::threadFunc                  : Finished Asynchronous operation on sound 00000240A4270DD8
[LOG] SystemI::createSound                     : filename = FmodBanks/Master.bank : mode 02010082
[LOG] SystemI::createSound                     : FMOD_NONBLOCKING specified.  Putting into queue to be opened asynchronously!
[LOG] AsyncThread::add                         : add sound to async queue : soundi = 0000023F92FECC58, queue head = 00000240A3BF2A48, queue count = 0
[LOG] AsyncThread::threadFunc                  : Starting Asynchronous operation on sound 0000023F92FECC58
[LOG] SystemI::createSoundInternal             :     Create name='FmodBanks/Master.bank', mode=0x02010082
[LOG] SystemI::createSoundInternal             :     exinfo->cbsize             = 224
[LOG] SystemI::createSoundInternal             :     exinfo->length             = 9493120
[LOG] SystemI::createSoundInternal             :     exinfo->fileoffset         = 32064
[LOG] SystemI::createSoundInternal             :     exinfo->numsubsounds       = 1
[LOG] SystemI::createSoundInternal             :     exinfo->inclusionlist      = 00000240A0084FA0
[LOG] SystemI::createSoundInternal             :     exinfo->inclusionlistnum   = 1
[LOG] SystemI::createSoundInternal             :     exinfo->suggestedsoundtype = 5
[LOG] SystemI::createSoundInternal             :     exinfo->initialseekpostype = 1
[LOG] SystemI::createSoundInternal             :     Stream 0/1: name='InfrastructureBuilding2', format=5, channels=2, frequency=48000, lengthbytes=167264, lengthpcm=493332, pcmblocksize=0, loopstart=0, loopend=0, mode=0x00000000, channelmask=0x00000000, channelorder=0, peakvolume=0.601766.
[LOG] AsyncThread::threadFunc                  : Finished Asynchronous operation on sound 0000023F92FECC58
[LOG] SystemI::createSound                     : filename = FmodBanks/Master.bank : mode 02010082
[LOG] SystemI::createSound                     : FMOD_NONBLOCKING specified.  Putting into queue to be opened asynchronously!
[LOG] AsyncThread::add                         : add sound to async queue : soundi = 0000023F92FEC748, queue head = 00000240A3BF2A48, queue count = 0
[LOG] AsyncThread::threadFunc                  : Starting Asynchronous operation on sound 0000023F92FEC748
[LOG] SystemI::createSoundInternal             :     Create name='FmodBanks/Master.bank', mode=0x02010082
[LOG] SystemI::createSoundInternal             :     exinfo->cbsize             = 224
[LOG] SystemI::createSoundInternal             :     exinfo->length             = 9493120
[LOG] SystemI::createSoundInternal             :     exinfo->fileoffset         = 32064
[LOG] SystemI::createSoundInternal             :     exinfo->numsubsounds       = 1
[LOG] SystemI::createSoundInternal             :     exinfo->inclusionlist      = 0000023F9324A460
[LOG] SystemI::createSoundInternal             :     exinfo->inclusionlistnum   = 1
[LOG] SystemI::createSoundInternal             :     exinfo->suggestedsoundtype = 5
[LOG] SystemI::createSoundInternal             :     exinfo->initialseekpostype = 1
[LOG] SystemI::createSoundInternal             :     Stream 0/1: name='InfrastructureBuilding2', format=5, channels=2, frequency=48000, lengthbytes=167264, lengthpcm=493332, pcmblocksize=0, loopstart=0, loopend=0, mode=0x00000000, channelmask=0x00000000, channelorder=0, peakvolume=0.601766.
[LOG] AsyncThread::threadFunc                  : Finished Asynchronous operation on sound 0000023F92FEC748
[LOG] SystemI::createSound                     : filename = FmodBanks/Master.bank : mode 02010082
[LOG] SystemI::createSound                     : FMOD_NONBLOCKING specified.  Putting into queue to be opened asynchronously!
[LOG] AsyncThread::add                         : add sound to async queue : soundi = 0000023F92FEC238, queue head = 00000240A3BF2A48, queue count = 0
[LOG] AsyncThread::threadFunc                  : Starting Asynchronous operation on sound 0000023F92FEC238
[LOG] SystemI::createSoundInternal             :     Create name='FmodBanks/Master.bank', mode=0x02010082
[LOG] SystemI::createSoundInternal             :     exinfo->cbsize             = 224
[LOG] SystemI::createSoundInternal             :     exinfo->length             = 9493120
[LOG] SystemI::createSoundInternal             :     exinfo->fileoffset         = 32064
[LOG] SystemI::createSoundInternal             :     exinfo->numsubsounds       = 1
[LOG] SystemI::createSoundInternal             :     exinfo->inclusionlist      = 0000023F9324A820
[LOG] SystemI::createSoundInternal             :     exinfo->inclusionlistnum   = 1
[LOG] SystemI::createSoundInternal             :     exinfo->suggestedsoundtype = 5
[LOG] SystemI::createSoundInternal             :     exinfo->initialseekpostype = 1
[LOG] SystemI::createSoundInternal             :     Stream 0/1: name='InfrastructureBuilding2', format=5, channels=2, frequency=48000, lengthbytes=167264, lengthpcm=493332, pcmblocksize=0, loopstart=0, loopend=0, mode=0x00000000, channelmask=0x00000000, channelorder=0, peakvolume=0.601766.
[LOG] AsyncThread::threadFunc                  : Finished Asynchronous operation on sound 0000023F92FEC238
[LOG] SoundI::release                          : InfrastructureBuilding2 (00000240A4270DD8)
[LOG] SoundI::release                          :     InfrastructureBuilding2 (0000023FD6C073B8)
[LOG] SoundI::release                          :     InfrastructureBuilding2 (0000023D3A227718)
[LOG] SystemI::createSound                     : filename = FmodBanks/Master.bank : mode 02010082
[LOG] SystemI::createSound                     : FMOD_NONBLOCKING specified.  Putting into queue to be opened asynchronously!
[LOG] AsyncThread::add                         : add sound to async queue : soundi = 0000023F92FEC598, queue head = 00000240A3BF2A48, queue count = 0
[LOG] AsyncThread::threadFunc                  : Starting Asynchronous operation on sound 0000023F92FEC598
[LOG] SystemI::createSoundInternal             :     Create name='FmodBanks/Master.bank', mode=0x02010082
[LOG] SystemI::createSoundInternal             :     exinfo->cbsize             = 224
[LOG] SystemI::createSoundInternal             :     exinfo->length             = 9493120
[LOG] SystemI::createSoundInternal             :     exinfo->fileoffset         = 32064
[LOG] SystemI::createSoundInternal             :     exinfo->numsubsounds       = 1
[LOG] SystemI::createSoundInternal             :     exinfo->inclusionlist      = 0000023F9324A320
[LOG] SystemI::createSoundInternal             :     exinfo->inclusionlistnum   = 1
[LOG] SystemI::createSoundInternal             :     exinfo->suggestedsoundtype = 5
[LOG] SystemI::createSoundInternal             :     exinfo->initialseekpostype = 1
[LOG] SystemI::createSoundInternal             :     Stream 0/1: name='InfrastructureBuilding2', format=5, channels=2, frequency=48000, lengthbytes=167264, lengthpcm=493332, pcmblocksize=0, loopstart=0, loopend=0, mode=0x00000000, channelmask=0x00000000, channelorder=0, peakvolume=0.601766.
[LOG] AsyncThread::threadFunc                  : Finished Asynchronous operation on sound 0000023F92FEC598
[LOG] SoundI::release                          : InfrastructureBuilding2 (0000023F92FECC58)
[LOG] SoundI::release                          :     InfrastructureBuilding2 (0000023FD6C083F8)
[LOG] SoundI::release                          :     InfrastructureBuilding2 (0000023D3A2273B8)
[LOG] SystemI::createSound                     : filename = FmodBanks/Master.bank : mode 02010082
[LOG] SystemI::createSound                     : FMOD_NONBLOCKING specified.  Putting into queue to be opened asynchronously!
[LOG] AsyncThread::add                         : add sound to async queue : soundi = 0000023F92FECAA8, queue head = 00000240A3BF2A48, queue count = 0
[LOG] AsyncThread::threadFunc                  : Starting Asynchronous operation on sound 0000023F92FECAA8
[LOG] SystemI::createSoundInternal             :     Create name='FmodBanks/Master.bank', mode=0x02010082
[LOG] SystemI::createSoundInternal             :     exinfo->cbsize             = 224
[LOG] SystemI::createSoundInternal             :     exinfo->length             = 9493120
[LOG] SystemI::createSoundInternal             :     exinfo->fileoffset         = 32064
[LOG] SystemI::createSoundInternal             :     exinfo->numsubsounds       = 1
[LOG] SystemI::createSoundInternal             :     exinfo->inclusionlist      = 0000023F9324A5A0
[LOG] SystemI::createSoundInternal             :     exinfo->inclusionlistnum   = 1
[LOG] SystemI::createSoundInternal             :     exinfo->suggestedsoundtype = 5
[LOG] SystemI::createSoundInternal             :     exinfo->initialseekpostype = 1
[LOG] SystemI::createSoundInternal             :     Stream 0/1: name='InfrastructureBuilding2', format=5, channels=2, frequency=48000, lengthbytes=167264, lengthpcm=493332, pcmblocksize=0, loopstart=0, loopend=0, mode=0x00000000, channelmask=0x00000000, channelorder=0, peakvolume=0.601766.
[LOG] AsyncThread::threadFunc                  : Finished Asynchronous operation on sound 0000023F92FECAA8
[LOG] SoundI::release                          : InfrastructureBuilding2 (0000023F92FEC748)
[LOG] SoundI::release                          :     InfrastructureBuilding2 (0000023F014B8358)
[LOG] SoundI::release                          :     InfrastructureBuilding2 (00000241881D8EC8)
[LOG] SystemI::createSound                     : filename = FmodBanks/Master.bank : mode 02010082
[LOG] SystemI::createSound                     : FMOD_NONBLOCKING specified.  Putting into queue to be opened asynchronously!
[LOG] AsyncThread::add                         : add sound to async queue : soundi = 0000023F92FEC748, queue head = 00000240A3BF2A48, queue count = 0
[LOG] AsyncThread::threadFunc                  : Starting Asynchronous operation on sound 0000023F92FEC748
[LOG] SystemI::createSoundInternal             :     Create name='FmodBanks/Master.bank', mode=0x02010082
[LOG] SystemI::createSoundInternal             :     exinfo->cbsize             = 224
[LOG] SystemI::createSoundInternal             :     exinfo->length             = 9493120
[LOG] SystemI::createSoundInternal             :     exinfo->fileoffset         = 32064
[LOG] SystemI::createSoundInternal             :     exinfo->numsubsounds       = 1
[LOG] SystemI::createSoundInternal             :     exinfo->inclusionlist      = 0000023F9324A460
[LOG] SystemI::createSoundInternal             :     exinfo->inclusionlistnum   = 1
[LOG] SystemI::createSoundInternal             :     exinfo->suggestedsoundtype = 5
[LOG] SystemI::createSoundInternal             :     exinfo->initialseekpostype = 1
[LOG] SystemI::createSoundInternal             :     Stream 0/1: name='InfrastructureBuilding2', format=5, channels=2, frequency=48000, lengthbytes=167264, lengthpcm=493332, pcmblocksize=0, loopstart=0, loopend=0, mode=0x00000000, channelmask=0x00000000, channelorder=0, peakvolume=0.601766.
[LOG] AsyncThread::threadFunc                  : Finished Asynchronous operation on sound 0000023F92FEC748
[LOG] SoundI::release                          : InfrastructureBuilding2 (0000023F92FEC238)
[LOG] SoundI::release                          :     InfrastructureBuilding2 (0000023F014B6618)
[LOG] SoundI::release                          :     InfrastructureBuilding2 (00000241881D9C48)
[LOG] SystemI::createSound                     : filename = FmodBanks/Master.bank : mode 02010082
[LOG] SystemI::createSound                     : FMOD_NONBLOCKING specified.  Putting into queue to be opened asynchronously!
[LOG] AsyncThread::add                         : add sound to async queue : soundi = 0000023F92FEC8F8, queue head = 00000240A3BF2A48, queue count = 0
[LOG] AsyncThread::threadFunc                  : Starting Asynchronous operation on sound 0000023F92FEC8F8
[LOG] SystemI::createSoundInternal             :     Create name='FmodBanks/Master.bank', mode=0x02010082
[LOG] SystemI::createSoundInternal             :     exinfo->cbsize             = 224
[LOG] SystemI::createSoundInternal             :     exinfo->length             = 9493120
[LOG] SystemI::createSoundInternal             :     exinfo->fileoffset         = 32064
[LOG] SystemI::createSoundInternal             :     exinfo->numsubsounds       = 1
[LOG] SystemI::createSoundInternal             :     exinfo->inclusionlist      = 0000023F9324A820
[LOG] SystemI::createSoundInternal             :     exinfo->inclusionlistnum   = 1
[LOG] SystemI::createSoundInternal             :     exinfo->suggestedsoundtype = 5
[LOG] SystemI::createSoundInternal             :     exinfo->initialseekpostype = 1
[LOG] SystemI::createSoundInternal             :     Stream 0/1: name='InfrastructureBuilding2', format=5, channels=2, frequency=48000, lengthbytes=167264, lengthpcm=493332, pcmblocksize=0, loopstart=0, loopend=0, mode=0x00000000, channelmask=0x00000000, channelorder=0, peakvolume=0.601766.
[LOG] AsyncThread::threadFunc                  : Finished Asynchronous operation on sound 0000023F92FEC8F8
[LOG] SoundI::release                          : InfrastructureBuilding2 (0000023F92FEC598)
[LOG] SoundI::release                          :     InfrastructureBuilding2 (0000023F014B6C98)
[LOG] SoundI::release                          :     InfrastructureBuilding2 (00000241881D93D8)
[LOG] SystemI::createSound                     : filename = FmodBanks/Master.bank : mode 02010082
[LOG] SystemI::createSound                     : FMOD_NONBLOCKING specified.  Putting into queue to be opened asynchronously!
[LOG] AsyncThread::add                         : add sound to async queue : soundi = 0000023F92FECC58, queue head = 00000240A3BF2A48, queue count = 0
[LOG] AsyncThread::threadFunc                  : Starting Asynchronous operation on sound 0000023F92FECC58
[LOG] SystemI::createSoundInternal             :     Create name='FmodBanks/Master.bank', mode=0x02010082
[LOG] SystemI::createSoundInternal             :     exinfo->cbsize             = 224
[LOG] SystemI::createSoundInternal             :     exinfo->length             = 9493120
[LOG] SystemI::createSoundInternal             :     exinfo->fileoffset         = 32064
[LOG] SystemI::createSoundInternal             :     exinfo->numsubsounds       = 1
[LOG] SystemI::createSoundInternal             :     exinfo->inclusionlist      = 0000023F9324A1E0
[LOG] SystemI::createSoundInternal             :     exinfo->inclusionlistnum   = 1
[LOG] SystemI::createSoundInternal             :     exinfo->suggestedsoundtype = 5
[LOG] SystemI::createSoundInternal             :     exinfo->initialseekpostype = 1
[LOG] SystemI::createSoundInternal             :     Stream 0/1: name='InfrastructureBuilding2', format=5, channels=2, frequency=48000, lengthbytes=167264, lengthpcm=493332, pcmblocksize=0, loopstart=0, loopend=0, mode=0x00000000, channelmask=0x00000000, channelorder=0, peakvolume=0.601766.
[LOG] AsyncThread::threadFunc                  : Finished Asynchronous operation on sound 0000023F92FECC58
[LOG] SoundI::release                          : InfrastructureBuilding2 (0000023F92FECAA8)
[LOG] SoundI::release                          :     InfrastructureBuilding2 (0000023F014B84F8)
[LOG] SoundI::release                          :     InfrastructureBuilding2 (00000241881D9588)
[LOG] SystemI::createSoundInternal             : Create name='', mode=0x02000202
[LOG] SystemI::createSoundInternal             : exinfo->cbsize             = 224
[LOG] SystemI::createSoundInternal             : exinfo->length             = 9493120
[LOG] SystemI::createSoundInternal             : exinfo->fileoffset         = 32064
[LOG] SystemI::createSoundInternal             : exinfo->numsubsounds       = 1
[LOG] SystemI::createSoundInternal             : exinfo->inclusionlist      = 000000B10B81F448
[LOG] SystemI::createSoundInternal             : exinfo->inclusionlistnum   = 1
[LOG] SystemI::createSoundInternal             : exinfo->suggestedsoundtype = 5
[LOG] SystemI::createSoundInternal             : exinfo->useropen           = 00007FF9A67F3490
[LOG] SystemI::createSoundInternal             : exinfo->userclose          = 00007FF9A67F3450
[LOG] SystemI::createSoundInternal             : exinfo->userread           = 00007FF9A67F3570
[LOG] SystemI::createSoundInternal             : exinfo->userseek           = 00007FF9A67F3630
[LOG] SystemI::createSoundInternal             : exinfo->fileuserdata       = 0000023FDBF6DAB8
[LOG] SystemI::createSoundInternal             : exinfo->initialseekpostype = 1
[LOG] SystemI::DSPCodecPoolRegister            : register codec pool for pool type 5
[LOG] SystemI::createSoundInternal             : Sample 0/1: name='Tree-Planted', format=5, channels=2, frequency=48000, lengthbytes=12416, lengthpcm=63699, pcmblocksize=0, loopstart=0, loopend=0, mode=0x00000000, channelmask=0x00000000, channelorder=0, peakvolume=0.186366.
[LOG] SoundI::release                          : InfrastructureBuilding2 (0000023F92FEC748)
[LOG] SoundI::release                          :     InfrastructureBuilding2 (0000023F8FCF2518)
[LOG] SoundI::release                          :     InfrastructureBuilding2 (00000241881D98E8)
[LOG] SoundI::release                          : InfrastructureBuilding2 (0000023F92FEC8F8)
[LOG] SoundI::release                          :     InfrastructureBuilding2 (0000023F8FCF29F8)
[LOG] SoundI::release                          :     InfrastructureBuilding2 (00000241881D9228)
[LOG] SoundI::release                          : InfrastructureBuilding2 (0000023F92FECC58)
[LOG] SoundI::release                          :     InfrastructureBuilding2 (0000023F8FCF0638)
[LOG] SoundI::release                          :     InfrastructureBuilding2 (00000241881D9C48)
[LOG] SoundI::release                          : Master (00000240A4270A78)
[LOG] SoundI::release                          :     Master (0000023FD6C018B8)
[LOG] SoundI::release                          :     Master (00000240A03CCBF8)
[LOG] SoundI::release                          : Ocean-AmbienceLoop (00000240A4270C28)
[LOG] SoundI::release                          :     Ocean-AmbienceLoop (0000023FD6C06518)
[LOG] SoundI::release                          :     Ocean-AmbienceLoop (00000240A03CC898)
[LOG] SoundI::release                          : WindAmbience (00000240A4270F88)
[LOG] SoundI::release                          :     WindAmbience (0000023FD6C020D8)
[LOG] SoundI::release                          :     WindAmbience (0000023D3A2278C8)
[LOG] SoundI::release                          :  (0000023F8D1ABC08)
[LOG] SoundI::release                          :     Negative-SFX (0000023FD6C02418)
[LOG] SoundI::release                          :  (0000023F8D1AB7B8)
[LOG] SoundI::release                          :     UI-Selected (0000023FD6C00BB8)
[LOG] SoundI::release                          :  (0000023F8D1AC058)
[LOG] SoundI::release                          :     ObjectPurchased (0000023FD6C03118)
[LOG] SoundI::release                          :  (0000023FDC2F8638)
[LOG] SoundI::release                          :     Tree-Planted (0000023F8FCF07D8)
[LOG] SoundI::release                          :  (0000023F8D1AAC38)
[LOG] SoundI::release                          :     InfrastructureBuilding1 (0000023FD6C07078)
[LOG] Thread::callback                         : FMOD Studio update thread finished.
[LOG] Thread::callback                         : FMOD Studio bank load thread finished.
[LOG] Profile::disconnectAll                   : Profiler disconnecting all clients
[LOG] Thread::callback                         : FMOD Studio sample load thread finished.
[LOG] LiveUpdate::release                      : 
[LOG] LiveUpdate::reset                        : Reset connection (reason Disconnected)
[LOG] Thread::callback                         : FMOD stream thread finished.
[LOG] Thread::callback                         : FMOD mixer thread finished.
[LOG] Profile::disconnectAll                   : Profiler disconnecting all clients
[LOG] SystemI::close                           : Closed.
[LOG] Thread::callback                         : FMOD Studio bank load thread finished.
[LOG] Thread::callback                         : FMOD Studio sample load thread finished.
[LOG] LiveUpdate::release                      : 
[LOG] LiveUpdate::reset                        : Reset connection (reason Disconnected)
[LOG] Thread::callback                         : FMOD stream thread finished.
[LOG] Thread::callback                         : FMOD mixer thread finished.
[LOG] SystemI::close                           : Closed.
[LOG] Thread::callback                         : FMOD nonblocking thread (0) finished.
[LOG] Thread::callback                         : FMOD file thread finished.
